<?xml version="1.0" encoding="UTF-8"?>
<!-- Generated by org.testng.reporters.JUnitXMLReporter -->
<testsuite ignored="0" hostname="LAPTOP-9GECL9UO" failures="1" tests="12" name="Test" time="144.672" errors="0" timestamp="2024-12-19T23:09:31 IST">
  <testcase classname="testCases.TC101_SignUpTest" name="testSignUpRedirection" time="3.891"/>
  <testcase classname="testCases.TC102_LoginTest" name="testValidLoginPage" time="8.349"/>
  <testcase classname="testCases.TC102_LoginTest" name="testInvalidLogin" time="3.397"/>
  <testcase classname="testCases.TC103_ContactAdditionTest" name="testContactListMandatoryfileds" time="12.842"/>
  <testcase classname="testCases.TC103_ContactAdditionTest" name="testContactListoptionalfileds" time="7.743"/>
  <testcase classname="testCases.TC103_ContactAdditionTest" name="duplicateContactList" time="11.766">
    <failure type="java.lang.AssertionError" message="Expected error message for duplicate contact, but got:  expected [true] but found [false]">
      <![CDATA[java.lang.AssertionError: Expected error message for duplicate contact, but got:  expected [true] but found [false]
at testCases.TC103_ContactAdditionTest.duplicateContactList(TC103_ContactAdditionTest.java:97)
at java.base/java.util.ArrayList.forEach(ArrayList.java:1596)
... Removed 32 stack frames]]>
    </failure>
  </testcase> <!-- duplicateContactList -->
  <testcase classname="testCases.TC104_ContactsDisplayTest" name="testContactsAlphabeticalOrder" time="14.231"/>
  <testcase classname="testCases.TC104_ContactsDisplayTest" name="testPhonenumberwithExtension" time="3.119"/>
  <testcase classname="testCases.TC105_ContactEditingTest" name="testContactsEditing" time="22.193"/>
  <testcase classname="testCases.TC105_ContactEditingTest" name="TestEmptyfields" time="9.742"/>
  <testcase classname="testCases.TC106_ContactDeleteTest" name="testContactDelete" time="14.562"/>
  <testcase classname="testCases.TC107_LogoutTest" name="testLogout" time="8.143"/>
</testsuite> <!-- Test -->
