<?xml version="1.0" encoding="UTF-8"?>
<testng-results ignored="0" total="1" passed="1" failed="0" skipped="0">
  <reporter-output>
  </reporter-output>
  <suite started-at="2024-12-19T22:49:43 IST" name="Suite" finished-at="2024-12-19T22:49:54 IST" duration-ms="11628">
    <groups>
    </groups>
    <test started-at="2024-12-19T22:49:43 IST" name="Test" finished-at="2024-12-19T22:49:54 IST" duration-ms="11628">
      <class name="testCases.TC107_LogoutTest">
        <test-method is-config="true" signature="setup(java.lang.String,java.lang.String)[pri:0, instance:testCases.TC107_LogoutTest@42bc14c1]" started-at="2024-12-19T22:49:43 IST" name="setup" finished-at="2024-12-19T22:49:46 IST" duration-ms="3409" status="PASS">
          <params>
            <param index="0">
              <value>
                <![CDATA[Windows]]>
              </value>
            </param>
            <param index="1">
              <value>
                <![CDATA[chrome]]>
              </value>
            </param>
          </params>
          <reporter-output>
          </reporter-output>
        </test-method> <!-- setup -->
        <test-method signature="testLogout()[pri:0, instance:testCases.TC107_LogoutTest@42bc14c1]" started-at="2024-12-19T22:49:46 IST" name="testLogout" finished-at="2024-12-19T22:49:54 IST" duration-ms="7687" status="PASS">
          <reporter-output>
          </reporter-output>
        </test-method> <!-- testLogout -->
        <test-method is-config="true" signature="teardown()[pri:0, instance:testCases.TC107_LogoutTest@42bc14c1]" started-at="2024-12-19T22:49:54 IST" name="teardown" finished-at="2024-12-19T22:49:54 IST" duration-ms="306" status="PASS">
          <reporter-output>
          </reporter-output>
        </test-method> <!-- teardown -->
      </class> <!-- testCases.TC107_LogoutTest -->
    </test> <!-- Test -->
  </suite> <!-- Suite -->
</testng-results>
